<?xml version="1.0" encoding="utf-8" standalone="no"?>
<!--This file represents the results of running a test suite-->
<test-results name="E:\BizRun.NET\c#.net-programs\ConsoleApplication1\TestClassLib\bin\Debug\TestClassLib.dll" total="1" errors="0" failures="0" not-run="0" inconclusive="0" ignored="0" skipped="0" invalid="0" date="2018-03-17" time="17:14:40">
  <environment nunit-version="2.6.4.14350" clr-version="2.0.50727.8825" os-version="Microsoft Windows NT 6.2.9200.0" platform="Win32NT" cwd="C:\Program Files (x86)\NUnit 2.6.4\bin" machine-name="DESKTOP-R2K8N4V" user="RAZI" user-domain="DESKTOP-R2K8N4V" />
  <culture-info current-culture="en-US" current-uiculture="en-US" />
  <test-suite type="Assembly" name="E:\BizRun.NET\c#.net-programs\ConsoleApplication1\TestClassLib\bin\Debug\TestClassLib.dll" executed="True" result="Success" success="True" time="0.471" asserts="0">
    <results>
      <test-suite type="Namespace" name="TestClassLib" executed="True" result="Success" success="True" time="0.451" asserts="0">
        <results>
          <test-suite type="TestFixture" name="AsyncAwait1Test" executed="True" result="Success" success="True" time="0.448" asserts="0">
            <results>
              <test-case name="TestClassLib.AsyncAwait1Test.Test1" executed="True" result="Success" success="True" time="0.426" asserts="0" />
            </results>
          </test-suite>
        </results>
      </test-suite>
    </results>
  </test-suite>
</test-results>